<?xml version="1.0" encoding="utf-8"?><testsuites name="pytest tests"><testsuite name="pytest" errors="0" failures="0" skipped="0" tests="5" time="1.085" timestamp="2026-05-12T22:21:50.063003+00:00" hostname="agent-env-71855f25-ec26-468a-8fff-8fed192d6a02"><testcase classname="backend.tests.test_hofer.TestAPIRoot" name="test_root_returns_message" time="0.228" /><testcase classname="backend.tests.test_hofer.TestContactAPI" name="test_post_contact_success" time="0.174" /><testcase classname="backend.tests.test_hofer.TestContactAPI" name="test_post_contact_missing_fields" time="0.167" /><testcase classname="backend.tests.test_hofer.TestContactAPI" name="test_get_contact_returns_list" time="0.128" /><testcase classname="backend.tests.test_hofer.TestContactAPI" name="test_post_and_verify_persistence" time="0.327" /></testsuite></testsuites>